/home/dingding/github_project/KoopmanMpcThruster/koopman_mpc/install/thruster_mpc_controller/lib/python3.10/site-packages/thruster_mpc_controller/thruster_mpc_controller (copy)输入受限动图.py
/home/dingding/github_project/KoopmanMpcThruster/koopman_mpc/install/thruster_mpc_controller/lib/python3.10/site-packages/thruster_mpc_controller/__init__.py
/home/dingding/github_project/KoopmanMpcThruster/koopman_mpc/install/thruster_mpc_controller/lib/python3.10/site-packages/thruster_mpc_controller/thruster_mpc_controller.py
/home/dingding/github_project/KoopmanMpcThruster/koopman_mpc/install/thruster_mpc_controller/lib/python3.10/site-packages/thruster_mpc_controller/mpc_test_states_constriant.py
/home/dingding/github_project/KoopmanMpcThruster/koopman_mpc/install/thruster_mpc_controller/lib/python3.10/site-packages/thruster_mpc_controller/__pycache__/thruster_mpc_controller (copy)输入受限动图.cpython-310.pyc
/home/dingding/github_project/KoopmanMpcThruster/koopman_mpc/install/thruster_mpc_controller/lib/python3.10/site-packages/thruster_mpc_controller/__pycache__/__init__.cpython-310.pyc
/home/dingding/github_project/KoopmanMpcThruster/koopman_mpc/install/thruster_mpc_controller/lib/python3.10/site-packages/thruster_mpc_controller/__pycache__/thruster_mpc_controller.cpython-310.pyc
/home/dingding/github_project/KoopmanMpcThruster/koopman_mpc/install/thruster_mpc_controller/lib/python3.10/site-packages/thruster_mpc_controller/__pycache__/mpc_test_states_constriant.cpython-310.pyc
/home/dingding/github_project/KoopmanMpcThruster/koopman_mpc/install/thruster_mpc_controller/share/ament_index/resource_index/packages/thruster_mpc_controller
/home/dingding/github_project/KoopmanMpcThruster/koopman_mpc/install/thruster_mpc_controller/share/thruster_mpc_controller/package.xml
/home/dingding/github_project/KoopmanMpcThruster/koopman_mpc/install/thruster_mpc_controller/share/thruster_mpc_controller/launch/thruster_mpc_controller_launch.py
/home/dingding/github_project/KoopmanMpcThruster/koopman_mpc/install/thruster_mpc_controller/libexec/thruster_mpc_controller
/home/dingding/github_project/KoopmanMpcThruster/koopman_mpc/install/thruster_mpc_controller/lib/python3.10/site-packages/thruster_mpc_controller-0.0.0-py3.10.egg-info/entry_points.txt
/home/dingding/github_project/KoopmanMpcThruster/koopman_mpc/install/thruster_mpc_controller/lib/python3.10/site-packages/thruster_mpc_controller-0.0.0-py3.10.egg-info/dependency_links.txt
/home/dingding/github_project/KoopmanMpcThruster/koopman_mpc/install/thruster_mpc_controller/lib/python3.10/site-packages/thruster_mpc_controller-0.0.0-py3.10.egg-info/SOURCES.txt
/home/dingding/github_project/KoopmanMpcThruster/koopman_mpc/install/thruster_mpc_controller/lib/python3.10/site-packages/thruster_mpc_controller-0.0.0-py3.10.egg-info/requires.txt
/home/dingding/github_project/KoopmanMpcThruster/koopman_mpc/install/thruster_mpc_controller/lib/python3.10/site-packages/thruster_mpc_controller-0.0.0-py3.10.egg-info/PKG-INFO
/home/dingding/github_project/KoopmanMpcThruster/koopman_mpc/install/thruster_mpc_controller/lib/python3.10/site-packages/thruster_mpc_controller-0.0.0-py3.10.egg-info/zip-safe
/home/dingding/github_project/KoopmanMpcThruster/koopman_mpc/install/thruster_mpc_controller/lib/python3.10/site-packages/thruster_mpc_controller-0.0.0-py3.10.egg-info/top_level.txt
/home/dingding/github_project/KoopmanMpcThruster/koopman_mpc/install/thruster_mpc_controller/lib/thruster_mpc_controller/mpc_controller
