-- The C compiler identification is GNU 11.4.0
-- The CXX compiler identification is GNU 11.4.0
-- Detecting C compiler ABI info
-- Detecting C compiler ABI info - done
-- Check for working C compiler: /usr/bin/cc - skipped
-- Detecting C compile features
-- Detecting C compile features - done
-- Detecting CXX compiler ABI info
-- Detecting CXX compiler ABI info - done
-- Check for working CXX compiler: /usr/bin/c++ - skipped
-- Detecting CXX compile features
-- Detecting CXX compile features - done
-- Found ament_cmake: 2.0.5 (/opt/ros/iron/share/ament_cmake/cmake)
-- Found Python3: /usr/bin/python3.10 (found version "3.10.12") found components: Interpreter 
-- Found rclcpp: 21.0.6 (/opt/ros/iron/share/rclcpp/cmake)
-- Found rosidl_generator_c: 4.0.1 (/opt/ros/iron/share/rosidl_generator_c/cmake)
-- Found rosidl_generator_cpp: 4.0.1 (/opt/ros/iron/share/rosidl_generator_cpp/cmake)
-- Using all available rosidl_typesupport_c: rosidl_typesupport_fastrtps_c;rosidl_typesupport_introspection_c
-- Using all available rosidl_typesupport_cpp: rosidl_typesupport_fastrtps_cpp;rosidl_typesupport_introspection_cpp
-- Found rmw_implementation_cmake: 7.1.0 (/opt/ros/iron/share/rmw_implementation_cmake/cmake)
-- Found rmw_fastrtps_cpp: 7.1.3 (/opt/ros/iron/share/rmw_fastrtps_cpp/cmake)
-- Found OpenSSL: /usr/lib/x86_64-linux-gnu/libcrypto.so (found version "3.0.2")  
-- Found FastRTPS: /opt/ros/iron/include  
-- Using RMW implementation 'rmw_fastrtps_cpp' as default
-- Found nav_msgs: 5.0.1 (/opt/ros/iron/share/nav_msgs/cmake)
-- Found tf2: 0.31.6 (/opt/ros/iron/share/tf2/cmake)
-- Found tf2_geometry_msgs: 0.31.6 (/opt/ros/iron/share/tf2_geometry_msgs/cmake)
-- Found eigen3_cmake_module: 0.2.2 (/opt/ros/iron/share/eigen3_cmake_module/cmake)
-- Found Eigen3: TRUE (found version "3.4.0") 
-- Ensuring Eigen3 include directory is part of orocos-kdl CMake target
-- Found ament_lint_auto: 0.14.3 (/opt/ros/iron/share/ament_lint_auto/cmake)
-- Configuring done
-- Generating done
-- Build files have been written to: /home/dingding/github_project/KoopmanMpcThruster/koopman_mpc/build/ros2gzbridge
[ 16%] [32mBuilding CXX object CMakeFiles/data_collect_thruster.dir/src/data_collect_thruster.cpp.o[0m
[ 33%] [32mBuilding CXX object CMakeFiles/Thruster_mpc.dir/src/Thruster_mpc.cpp.o[0m
[ 50%] [32mBuilding CXX object CMakeFiles/odometry_subscriber.dir/src/tethys_states.cpp.o[0m
[ 66%] [32m[1mLinking CXX executable odometry_subscriber[0m
[ 66%] Built target odometry_subscriber
[ 83%] [32m[1mLinking CXX executable data_collect_thruster[0m
[100%] [32m[1mLinking CXX executable Thruster_mpc[0m
[100%] Built target data_collect_thruster
[100%] Built target Thruster_mpc
-- Install configuration: ""
-- Installing: /home/dingding/github_project/KoopmanMpcThruster/koopman_mpc/install/ros2gzbridge/lib/ros2gzbridge/odometry_subscriber
-- Set runtime path of "/home/dingding/github_project/KoopmanMpcThruster/koopman_mpc/install/ros2gzbridge/lib/ros2gzbridge/odometry_subscriber" to ""
-- Installing: /home/dingding/github_project/KoopmanMpcThruster/koopman_mpc/install/ros2gzbridge/lib/ros2gzbridge/data_collect_thruster
-- Set runtime path of "/home/dingding/github_project/KoopmanMpcThruster/koopman_mpc/install/ros2gzbridge/lib/ros2gzbridge/data_collect_thruster" to ""
-- Installing: /home/dingding/github_project/KoopmanMpcThruster/koopman_mpc/install/ros2gzbridge/lib/ros2gzbridge/Thruster_mpc
-- Set runtime path of "/home/dingding/github_project/KoopmanMpcThruster/koopman_mpc/install/ros2gzbridge/lib/ros2gzbridge/Thruster_mpc" to ""
-- Installing: /home/dingding/github_project/KoopmanMpcThruster/koopman_mpc/install/ros2gzbridge/share/ros2gzbridge//launch
-- Installing: /home/dingding/github_project/KoopmanMpcThruster/koopman_mpc/install/ros2gzbridge/share/ros2gzbridge//launch/rosgzbridge_launch.py
-- Installing: /home/dingding/github_project/KoopmanMpcThruster/koopman_mpc/install/ros2gzbridge/share/ament_index/resource_index/package_run_dependencies/ros2gzbridge
-- Installing: /home/dingding/github_project/KoopmanMpcThruster/koopman_mpc/install/ros2gzbridge/share/ament_index/resource_index/parent_prefix_path/ros2gzbridge
-- Installing: /home/dingding/github_project/KoopmanMpcThruster/koopman_mpc/install/ros2gzbridge/share/ros2gzbridge/environment/ament_prefix_path.sh
-- Installing: /home/dingding/github_project/KoopmanMpcThruster/koopman_mpc/install/ros2gzbridge/share/ros2gzbridge/environment/ament_prefix_path.dsv
-- Installing: /home/dingding/github_project/KoopmanMpcThruster/koopman_mpc/install/ros2gzbridge/share/ros2gzbridge/environment/path.sh
-- Installing: /home/dingding/github_project/KoopmanMpcThruster/koopman_mpc/install/ros2gzbridge/share/ros2gzbridge/environment/path.dsv
-- Installing: /home/dingding/github_project/KoopmanMpcThruster/koopman_mpc/install/ros2gzbridge/share/ros2gzbridge/local_setup.bash
-- Installing: /home/dingding/github_project/KoopmanMpcThruster/koopman_mpc/install/ros2gzbridge/share/ros2gzbridge/local_setup.sh
-- Installing: /home/dingding/github_project/KoopmanMpcThruster/koopman_mpc/install/ros2gzbridge/share/ros2gzbridge/local_setup.zsh
-- Installing: /home/dingding/github_project/KoopmanMpcThruster/koopman_mpc/install/ros2gzbridge/share/ros2gzbridge/local_setup.dsv
-- Installing: /home/dingding/github_project/KoopmanMpcThruster/koopman_mpc/install/ros2gzbridge/share/ros2gzbridge/package.dsv
-- Installing: /home/dingding/github_project/KoopmanMpcThruster/koopman_mpc/install/ros2gzbridge/share/ament_index/resource_index/packages/ros2gzbridge
-- Installing: /home/dingding/github_project/KoopmanMpcThruster/koopman_mpc/install/ros2gzbridge/share/ros2gzbridge/cmake/ros2gzbridgeConfig.cmake
-- Installing: /home/dingding/github_project/KoopmanMpcThruster/koopman_mpc/install/ros2gzbridge/share/ros2gzbridge/cmake/ros2gzbridgeConfig-version.cmake
-- Installing: /home/dingding/github_project/KoopmanMpcThruster/koopman_mpc/install/ros2gzbridge/share/ros2gzbridge/package.xml
