[0.262s] DEBUG:colcon:Command line arguments: ['/usr/bin/colcon', 'build']
[0.262s] DEBUG:colcon:Parsed command line arguments: Namespace(log_base=None, log_level=None, verb_name='build', build_base='build', install_base='install', merge_install=False, symlink_install=False, test_result_base=None, continue_on_error=False, executor='parallel', parallel_workers=4, event_handlers=None, ignore_user_meta=False, metas=['./colcon.meta'], base_paths=['.'], packages_ignore=None, packages_ignore_regex=None, paths=None, packages_up_to=None, packages_up_to_regex=None, packages_above=None, packages_above_and_dependencies=None, packages_above_depth=None, packages_select_by_dep=None, packages_skip_by_dep=None, packages_skip_up_to=None, packages_select_build_failed=False, packages_skip_build_finished=False, packages_select_test_failures=False, packages_skip_test_passed=False, packages_select=None, packages_skip=None, packages_select_regex=None, packages_skip_regex=None, packages_start=None, packages_end=None, allow_overriding=[], cmake_args=None, cmake_target=None, cmake_target_skip_unavailable=False, cmake_clean_cache=False, cmake_clean_first=False, cmake_force_configure=False, meson_args=[], ament_cmake_args=None, catkin_cmake_args=None, catkin_skip_building_tests=False, mixin_files=None, mixin=None, verb_parser=<colcon_alias.argument_parser.alias.AliasArgumentDecorator object at 0x74d556ac95a0>, verb_extension=<colcon_core.verb.build.BuildVerb object at 0x74d556ac8880>, main=<bound method BuildVerb.main of <colcon_core.verb.build.BuildVerb object at 0x74d556ac8880>>, mixin_verb=('build',))
[0.456s] Level 1:colcon.colcon_core.package_discovery:discover_packages(colcon_meta) check parameters
[0.456s] Level 1:colcon.colcon_core.package_discovery:discover_packages(recursive) check parameters
[0.456s] Level 1:colcon.colcon_core.package_discovery:discover_packages(ignore) check parameters
[0.456s] Level 1:colcon.colcon_core.package_discovery:discover_packages(path) check parameters
[0.456s] Level 1:colcon.colcon_core.package_discovery:discover_packages(colcon_meta) discover
[0.456s] Level 1:colcon.colcon_core.package_discovery:discover_packages(recursive) discover
[0.456s] INFO:colcon.colcon_core.package_discovery:Crawling recursively for packages in '/home/dingding/github_project/KoopmanMpcThruster/gazebo_model'
[0.456s] Level 1:colcon.colcon_core.package_identification:_identify(.) by extensions ['ignore', 'ignore_ament_install']
[0.457s] Level 1:colcon.colcon_core.package_identification:_identify(.) by extension 'ignore'
[0.457s] Level 1:colcon.colcon_core.package_identification:_identify(.) by extension 'ignore_ament_install'
[0.457s] Level 1:colcon.colcon_core.package_identification:_identify(.) by extensions ['colcon_pkg']
[0.457s] Level 1:colcon.colcon_core.package_identification:_identify(.) by extension 'colcon_pkg'
[0.457s] Level 1:colcon.colcon_core.package_identification:_identify(.) by extensions ['colcon_meta']
[0.457s] Level 1:colcon.colcon_core.package_identification:_identify(.) by extension 'colcon_meta'
[0.457s] Level 1:colcon.colcon_core.package_identification:_identify(.) by extensions ['ros']
[0.457s] Level 1:colcon.colcon_core.package_identification:_identify(.) by extension 'ros'
[0.467s] Level 1:colcon.colcon_core.package_identification:_identify(.) by extensions ['cmake', 'meson', 'python']
[0.467s] Level 1:colcon.colcon_core.package_identification:_identify(.) by extension 'cmake'
[0.467s] Level 1:colcon.colcon_core.package_identification:_identify(.) by extension 'meson'
[0.467s] Level 1:colcon.colcon_core.package_identification:_identify(.) by extension 'python'
[0.467s] Level 1:colcon.colcon_core.package_identification:_identify(.) by extensions ['python_setup_py']
[0.467s] Level 1:colcon.colcon_core.package_identification:_identify(.) by extension 'python_setup_py'
[0.467s] Level 1:colcon.colcon_core.package_identification:_identify(build) by extensions ['ignore', 'ignore_ament_install']
[0.467s] Level 1:colcon.colcon_core.package_identification:_identify(build) by extension 'ignore'
[0.467s] Level 1:colcon.colcon_core.package_identification:_identify(build) ignored
[0.467s] Level 1:colcon.colcon_core.package_identification:_identify(install) by extensions ['ignore', 'ignore_ament_install']
[0.467s] Level 1:colcon.colcon_core.package_identification:_identify(install) by extension 'ignore'
[0.468s] Level 1:colcon.colcon_core.package_identification:_identify(install) ignored
[0.468s] Level 1:colcon.colcon_core.package_identification:_identify(log) by extensions ['ignore', 'ignore_ament_install']
[0.468s] Level 1:colcon.colcon_core.package_identification:_identify(log) by extension 'ignore'
[0.468s] Level 1:colcon.colcon_core.package_identification:_identify(log) ignored
[0.468s] Level 1:colcon.colcon_core.package_identification:_identify(src) by extensions ['ignore', 'ignore_ament_install']
[0.469s] Level 1:colcon.colcon_core.package_identification:_identify(src) by extension 'ignore'
[0.469s] Level 1:colcon.colcon_core.package_identification:_identify(src) by extension 'ignore_ament_install'
[0.469s] Level 1:colcon.colcon_core.package_identification:_identify(src) by extensions ['colcon_pkg']
[0.469s] Level 1:colcon.colcon_core.package_identification:_identify(src) by extension 'colcon_pkg'
[0.469s] Level 1:colcon.colcon_core.package_identification:_identify(src) by extensions ['colcon_meta']
[0.469s] Level 1:colcon.colcon_core.package_identification:_identify(src) by extension 'colcon_meta'
[0.469s] Level 1:colcon.colcon_core.package_identification:_identify(src) by extensions ['ros']
[0.469s] Level 1:colcon.colcon_core.package_identification:_identify(src) by extension 'ros'
[0.469s] Level 1:colcon.colcon_core.package_identification:_identify(src) by extensions ['cmake', 'meson', 'python']
[0.469s] Level 1:colcon.colcon_core.package_identification:_identify(src) by extension 'cmake'
[0.469s] Level 1:colcon.colcon_core.package_identification:_identify(src) by extension 'meson'
[0.469s] Level 1:colcon.colcon_core.package_identification:_identify(src) by extension 'python'
[0.469s] Level 1:colcon.colcon_core.package_identification:_identify(src) by extensions ['python_setup_py']
[0.469s] Level 1:colcon.colcon_core.package_identification:_identify(src) by extension 'python_setup_py'
[0.469s] Level 1:colcon.colcon_core.package_identification:_identify(src/gazebo_model) by extensions ['ignore', 'ignore_ament_install']
[0.469s] Level 1:colcon.colcon_core.package_identification:_identify(src/gazebo_model) by extension 'ignore'
[0.470s] Level 1:colcon.colcon_core.package_identification:_identify(src/gazebo_model) by extension 'ignore_ament_install'
[0.470s] Level 1:colcon.colcon_core.package_identification:_identify(src/gazebo_model) by extensions ['colcon_pkg']
[0.470s] Level 1:colcon.colcon_core.package_identification:_identify(src/gazebo_model) by extension 'colcon_pkg'
[0.470s] Level 1:colcon.colcon_core.package_identification:_identify(src/gazebo_model) by extensions ['colcon_meta']
[0.470s] Level 1:colcon.colcon_core.package_identification:_identify(src/gazebo_model) by extension 'colcon_meta'
[0.470s] Level 1:colcon.colcon_core.package_identification:_identify(src/gazebo_model) by extensions ['ros']
[0.470s] Level 1:colcon.colcon_core.package_identification:_identify(src/gazebo_model) by extension 'ros'
[0.470s] Level 1:colcon.colcon_core.package_identification:_identify(src/gazebo_model) by extensions ['cmake', 'meson', 'python']
[0.471s] Level 1:colcon.colcon_core.package_identification:_identify(src/gazebo_model) by extension 'cmake'
[0.475s] Level 1:colcon.colcon_core.package_identification:_identify(src/gazebo_model) by extension 'meson'
[0.475s] Level 1:colcon.colcon_core.package_identification:_identify(src/gazebo_model) by extension 'python'
[0.475s] DEBUG:colcon.colcon_core.package_identification:Package 'src/gazebo_model' with type 'cmake' and name 'gazebo_model'
[0.475s] Level 1:colcon.colcon_core.package_discovery:discover_packages(recursive) using defaults
[0.475s] Level 1:colcon.colcon_core.package_discovery:discover_packages(ignore) discover
[0.475s] Level 1:colcon.colcon_core.package_discovery:discover_packages(ignore) using defaults
[0.475s] Level 1:colcon.colcon_core.package_discovery:discover_packages(path) discover
[0.475s] Level 1:colcon.colcon_core.package_discovery:discover_packages(path) using defaults
[0.491s] INFO:colcon.colcon_metadata.metadata.colcon_pkg:Updating descriptor of package 'src/gazebo_model' from colcon.pkg: {'hooks': ['share/gazebo_model/hooks/hook.dsv']}
[0.492s] Level 1:colcon.colcon_core.package_discovery:discover_packages(prefix_path) check parameters
[0.492s] Level 1:colcon.colcon_core.package_discovery:discover_packages(prefix_path) discover
[0.494s] DEBUG:colcon.colcon_installed_package_information.package_discovery:Found 290 installed packages in /opt/ros/iron
[0.495s] Level 1:colcon.colcon_core.package_discovery:discover_packages(prefix_path) using defaults
[0.544s] Level 5:colcon.colcon_core.verb:set package 'gazebo_model' build argument 'cmake_args' from command line to 'None'
[0.544s] Level 5:colcon.colcon_core.verb:set package 'gazebo_model' build argument 'cmake_target' from command line to 'None'
[0.544s] Level 5:colcon.colcon_core.verb:set package 'gazebo_model' build argument 'cmake_target_skip_unavailable' from command line to 'False'
[0.544s] Level 5:colcon.colcon_core.verb:set package 'gazebo_model' build argument 'cmake_clean_cache' from command line to 'False'
[0.544s] Level 5:colcon.colcon_core.verb:set package 'gazebo_model' build argument 'cmake_clean_first' from command line to 'False'
[0.544s] Level 5:colcon.colcon_core.verb:set package 'gazebo_model' build argument 'cmake_force_configure' from command line to 'False'
[0.544s] Level 5:colcon.colcon_core.verb:set package 'gazebo_model' build argument 'meson_args' from command line to '[]'
[0.544s] Level 5:colcon.colcon_core.verb:set package 'gazebo_model' build argument 'ament_cmake_args' from command line to 'None'
[0.545s] Level 5:colcon.colcon_core.verb:set package 'gazebo_model' build argument 'catkin_cmake_args' from command line to 'None'
[0.545s] Level 5:colcon.colcon_core.verb:set package 'gazebo_model' build argument 'catkin_skip_building_tests' from command line to 'False'
[0.545s] DEBUG:colcon.colcon_core.verb:Building package 'gazebo_model' with the following arguments: {'ament_cmake_args': None, 'build_base': '/home/dingding/github_project/KoopmanMpcThruster/gazebo_model/build/gazebo_model', 'catkin_cmake_args': None, 'catkin_skip_building_tests': False, 'cmake_args': None, 'cmake_clean_cache': False, 'cmake_clean_first': False, 'cmake_force_configure': False, 'cmake_target': None, 'cmake_target_skip_unavailable': False, 'install_base': '/home/dingding/github_project/KoopmanMpcThruster/gazebo_model/install/gazebo_model', 'merge_install': False, 'meson_args': [], 'path': '/home/dingding/github_project/KoopmanMpcThruster/gazebo_model/src/gazebo_model', 'symlink_install': False, 'test_result_base': None}
[0.545s] INFO:colcon.colcon_core.executor:Executing jobs using 'parallel' executor
[0.546s] DEBUG:colcon.colcon_parallel_executor.executor.parallel:run_until_complete
[0.546s] INFO:colcon.colcon_cmake.task.cmake.build:Building CMake package in '/home/dingding/github_project/KoopmanMpcThruster/gazebo_model/src/gazebo_model'
[0.548s] INFO:colcon.colcon_core.plugin_system:Skipping extension 'colcon_core.shell.bat': Not used on non-Windows systems
[0.548s] INFO:colcon.colcon_core.shell:Skip shell extension 'powershell' for command environment: Not usable outside of PowerShell
[0.548s] DEBUG:colcon.colcon_core.shell:Skip shell extension 'dsv' for command environment
[0.556s] DEBUG:colcon.colcon_core.event_handler.log_command:Invoking command in '/home/dingding/github_project/KoopmanMpcThruster/gazebo_model/build/gazebo_model': /usr/bin/cmake /home/dingding/github_project/KoopmanMpcThruster/gazebo_model/src/gazebo_model -DCMAKE_INSTALL_PREFIX=/home/dingding/github_project/KoopmanMpcThruster/gazebo_model/install/gazebo_model
[0.832s] DEBUG:colcon.colcon_core.event_handler.log_command:Invoked command in '/home/dingding/github_project/KoopmanMpcThruster/gazebo_model/build/gazebo_model' returned '0': /usr/bin/cmake /home/dingding/github_project/KoopmanMpcThruster/gazebo_model/src/gazebo_model -DCMAKE_INSTALL_PREFIX=/home/dingding/github_project/KoopmanMpcThruster/gazebo_model/install/gazebo_model
[0.832s] DEBUG:colcon.colcon_core.event_handler.log_command:Invoking command in '/home/dingding/github_project/KoopmanMpcThruster/gazebo_model/build/gazebo_model': /usr/bin/cmake --build /home/dingding/github_project/KoopmanMpcThruster/gazebo_model/build/gazebo_model -- -j4 -l4
[1.051s] DEBUG:colcon.colcon_core.event_handler.log_command:Invoked command in '/home/dingding/github_project/KoopmanMpcThruster/gazebo_model/build/gazebo_model' returned '0': /usr/bin/cmake --build /home/dingding/github_project/KoopmanMpcThruster/gazebo_model/build/gazebo_model -- -j4 -l4
[1.081s] DEBUG:colcon.colcon_core.event_handler.log_command:Invoking command in '/home/dingding/github_project/KoopmanMpcThruster/gazebo_model/build/gazebo_model': /usr/bin/cmake --install /home/dingding/github_project/KoopmanMpcThruster/gazebo_model/build/gazebo_model
[1.135s] Level 1:colcon.colcon_core.environment:create_environment_scripts_only(gazebo_model)
[1.135s] DEBUG:colcon.colcon_core.event_handler.log_command:Invoked command in '/home/dingding/github_project/KoopmanMpcThruster/gazebo_model/build/gazebo_model' returned '0': /usr/bin/cmake --install /home/dingding/github_project/KoopmanMpcThruster/gazebo_model/build/gazebo_model
[1.138s] Level 1:colcon.colcon_core.environment:checking '/home/dingding/github_project/KoopmanMpcThruster/gazebo_model/install/gazebo_model' for CMake module files
[1.138s] Level 1:colcon.colcon_core.environment:checking '/home/dingding/github_project/KoopmanMpcThruster/gazebo_model/install/gazebo_model' for CMake config files
[1.139s] Level 1:colcon.colcon_core.environment:checking '/home/dingding/github_project/KoopmanMpcThruster/gazebo_model/install/gazebo_model/bin'
[1.139s] Level 1:colcon.colcon_core.environment:checking '/home/dingding/github_project/KoopmanMpcThruster/gazebo_model/install/gazebo_model/lib/pkgconfig/gazebo_model.pc'
[1.139s] Level 1:colcon.colcon_core.environment:checking '/home/dingding/github_project/KoopmanMpcThruster/gazebo_model/install/gazebo_model/lib/python3.10/site-packages'
[1.139s] Level 1:colcon.colcon_core.environment:checking '/home/dingding/github_project/KoopmanMpcThruster/gazebo_model/install/gazebo_model/bin'
[1.140s] INFO:colcon.colcon_core.shell:Creating package script '/home/dingding/github_project/KoopmanMpcThruster/gazebo_model/install/gazebo_model/share/gazebo_model/package.ps1'
[1.141s] INFO:colcon.colcon_core.shell:Creating package descriptor '/home/dingding/github_project/KoopmanMpcThruster/gazebo_model/install/gazebo_model/share/gazebo_model/package.dsv'
[1.141s] INFO:colcon.colcon_core.shell:Creating package script '/home/dingding/github_project/KoopmanMpcThruster/gazebo_model/install/gazebo_model/share/gazebo_model/package.sh'
[1.142s] INFO:colcon.colcon_core.shell:Creating package script '/home/dingding/github_project/KoopmanMpcThruster/gazebo_model/install/gazebo_model/share/gazebo_model/package.bash'
[1.143s] INFO:colcon.colcon_core.shell:Creating package script '/home/dingding/github_project/KoopmanMpcThruster/gazebo_model/install/gazebo_model/share/gazebo_model/package.zsh'
[1.144s] Level 1:colcon.colcon_core.environment:create_file_with_runtime_dependencies(/home/dingding/github_project/KoopmanMpcThruster/gazebo_model/install/gazebo_model/share/colcon-core/packages/gazebo_model)
[1.144s] DEBUG:colcon.colcon_parallel_executor.executor.parallel:closing loop
[1.144s] DEBUG:colcon.colcon_parallel_executor.executor.parallel:loop closed
[1.144s] DEBUG:colcon.colcon_parallel_executor.executor.parallel:run_until_complete finished with '0'
[1.144s] DEBUG:colcon.colcon_core.event_reactor:joining thread
[1.150s] INFO:colcon.colcon_core.plugin_system:Skipping extension 'colcon_notification.desktop_notification.terminal_notifier': Not used on non-Darwin systems
[1.150s] INFO:colcon.colcon_core.plugin_system:Skipping extension 'colcon_notification.desktop_notification.win32': Not used on non-Windows systems
[1.150s] INFO:colcon.colcon_notification.desktop_notification:Sending desktop notification using 'notify2'
[1.162s] DEBUG:colcon.colcon_core.event_reactor:joined thread
[1.162s] INFO:colcon.colcon_core.shell:Creating prefix script '/home/dingding/github_project/KoopmanMpcThruster/gazebo_model/install/local_setup.ps1'
[1.163s] INFO:colcon.colcon_core.shell:Creating prefix util module '/home/dingding/github_project/KoopmanMpcThruster/gazebo_model/install/_local_setup_util_ps1.py'
[1.164s] INFO:colcon.colcon_core.shell:Creating prefix chain script '/home/dingding/github_project/KoopmanMpcThruster/gazebo_model/install/setup.ps1'
[1.165s] INFO:colcon.colcon_core.shell:Creating prefix script '/home/dingding/github_project/KoopmanMpcThruster/gazebo_model/install/local_setup.sh'
[1.166s] INFO:colcon.colcon_core.shell:Creating prefix util module '/home/dingding/github_project/KoopmanMpcThruster/gazebo_model/install/_local_setup_util_sh.py'
[1.166s] INFO:colcon.colcon_core.shell:Creating prefix chain script '/home/dingding/github_project/KoopmanMpcThruster/gazebo_model/install/setup.sh'
[1.168s] INFO:colcon.colcon_core.shell:Creating prefix script '/home/dingding/github_project/KoopmanMpcThruster/gazebo_model/install/local_setup.bash'
[1.168s] INFO:colcon.colcon_core.shell:Creating prefix chain script '/home/dingding/github_project/KoopmanMpcThruster/gazebo_model/install/setup.bash'
[1.170s] INFO:colcon.colcon_core.shell:Creating prefix script '/home/dingding/github_project/KoopmanMpcThruster/gazebo_model/install/local_setup.zsh'
[1.171s] INFO:colcon.colcon_core.shell:Creating prefix chain script '/home/dingding/github_project/KoopmanMpcThruster/gazebo_model/install/setup.zsh'
[1.173s] INFO:colcon.colcon_core.shell:Creating '/home/dingding/github_project/KoopmanMpcThruster/gazebo_model/install/spawn_shell.bash'
