[0.257s] DEBUG:colcon:Command line arguments: ['/usr/bin/colcon', 'build']
[0.257s] DEBUG:colcon:Parsed command line arguments: Namespace(log_base=None, log_level=None, verb_name='build', build_base='build', install_base='install', merge_install=False, symlink_install=False, test_result_base=None, continue_on_error=False, executor='parallel', parallel_workers=4, event_handlers=None, ignore_user_meta=False, metas=['./colcon.meta'], base_paths=['.'], packages_ignore=None, packages_ignore_regex=None, paths=None, packages_up_to=None, packages_up_to_regex=None, packages_above=None, packages_above_and_dependencies=None, packages_above_depth=None, packages_select_by_dep=None, packages_skip_by_dep=None, packages_skip_up_to=None, packages_select_build_failed=False, packages_skip_build_finished=False, packages_select_test_failures=False, packages_skip_test_passed=False, packages_select=None, packages_skip=None, packages_select_regex=None, packages_skip_regex=None, packages_start=None, packages_end=None, allow_overriding=[], cmake_args=None, cmake_target=None, cmake_target_skip_unavailable=False, cmake_clean_cache=False, cmake_clean_first=False, cmake_force_configure=False, meson_args=[], ament_cmake_args=None, catkin_cmake_args=None, catkin_skip_building_tests=False, mixin_files=None, mixin=None, verb_parser=<colcon_alias.argument_parser.alias.AliasArgumentDecorator object at 0x786e9c9d9570>, verb_extension=<colcon_core.verb.build.BuildVerb object at 0x786e9c9d8850>, main=<bound method BuildVerb.main of <colcon_core.verb.build.BuildVerb object at 0x786e9c9d8850>>, mixin_verb=('build',))
[0.461s] Level 1:colcon.colcon_core.package_discovery:discover_packages(colcon_meta) check parameters
[0.461s] Level 1:colcon.colcon_core.package_discovery:discover_packages(recursive) check parameters
[0.461s] Level 1:colcon.colcon_core.package_discovery:discover_packages(ignore) check parameters
[0.461s] Level 1:colcon.colcon_core.package_discovery:discover_packages(path) check parameters
[0.461s] Level 1:colcon.colcon_core.package_discovery:discover_packages(colcon_meta) discover
[0.461s] Level 1:colcon.colcon_core.package_discovery:discover_packages(recursive) discover
[0.461s] INFO:colcon.colcon_core.package_discovery:Crawling recursively for packages in '/home/dingding/github_project/KoopmanMpcThruster/koopman_mpc'
[0.461s] Level 1:colcon.colcon_core.package_identification:_identify(.) by extensions ['ignore', 'ignore_ament_install']
[0.461s] Level 1:colcon.colcon_core.package_identification:_identify(.) by extension 'ignore'
[0.461s] Level 1:colcon.colcon_core.package_identification:_identify(.) by extension 'ignore_ament_install'
[0.461s] Level 1:colcon.colcon_core.package_identification:_identify(.) by extensions ['colcon_pkg']
[0.461s] Level 1:colcon.colcon_core.package_identification:_identify(.) by extension 'colcon_pkg'
[0.461s] Level 1:colcon.colcon_core.package_identification:_identify(.) by extensions ['colcon_meta']
[0.461s] Level 1:colcon.colcon_core.package_identification:_identify(.) by extension 'colcon_meta'
[0.461s] Level 1:colcon.colcon_core.package_identification:_identify(.) by extensions ['ros']
[0.461s] Level 1:colcon.colcon_core.package_identification:_identify(.) by extension 'ros'
[0.471s] Level 1:colcon.colcon_core.package_identification:_identify(.) by extensions ['cmake', 'meson', 'python']
[0.471s] Level 1:colcon.colcon_core.package_identification:_identify(.) by extension 'cmake'
[0.471s] Level 1:colcon.colcon_core.package_identification:_identify(.) by extension 'meson'
[0.472s] Level 1:colcon.colcon_core.package_identification:_identify(.) by extension 'python'
[0.472s] Level 1:colcon.colcon_core.package_identification:_identify(.) by extensions ['python_setup_py']
[0.472s] Level 1:colcon.colcon_core.package_identification:_identify(.) by extension 'python_setup_py'
[0.472s] Level 1:colcon.colcon_core.package_identification:_identify(build) by extensions ['ignore', 'ignore_ament_install']
[0.472s] Level 1:colcon.colcon_core.package_identification:_identify(build) by extension 'ignore'
[0.472s] Level 1:colcon.colcon_core.package_identification:_identify(build) ignored
[0.472s] Level 1:colcon.colcon_core.package_identification:_identify(install) by extensions ['ignore', 'ignore_ament_install']
[0.472s] Level 1:colcon.colcon_core.package_identification:_identify(install) by extension 'ignore'
[0.472s] Level 1:colcon.colcon_core.package_identification:_identify(install) ignored
[0.472s] Level 1:colcon.colcon_core.package_identification:_identify(log) by extensions ['ignore', 'ignore_ament_install']
[0.472s] Level 1:colcon.colcon_core.package_identification:_identify(log) by extension 'ignore'
[0.472s] Level 1:colcon.colcon_core.package_identification:_identify(log) ignored
[0.472s] Level 1:colcon.colcon_core.package_identification:_identify(src) by extensions ['ignore', 'ignore_ament_install']
[0.472s] Level 1:colcon.colcon_core.package_identification:_identify(src) by extension 'ignore'
[0.473s] Level 1:colcon.colcon_core.package_identification:_identify(src) by extension 'ignore_ament_install'
[0.473s] Level 1:colcon.colcon_core.package_identification:_identify(src) by extensions ['colcon_pkg']
[0.473s] Level 1:colcon.colcon_core.package_identification:_identify(src) by extension 'colcon_pkg'
[0.473s] Level 1:colcon.colcon_core.package_identification:_identify(src) by extensions ['colcon_meta']
[0.473s] Level 1:colcon.colcon_core.package_identification:_identify(src) by extension 'colcon_meta'
[0.473s] Level 1:colcon.colcon_core.package_identification:_identify(src) by extensions ['ros']
[0.473s] Level 1:colcon.colcon_core.package_identification:_identify(src) by extension 'ros'
[0.473s] Level 1:colcon.colcon_core.package_identification:_identify(src) by extensions ['cmake', 'meson', 'python']
[0.473s] Level 1:colcon.colcon_core.package_identification:_identify(src) by extension 'cmake'
[0.473s] Level 1:colcon.colcon_core.package_identification:_identify(src) by extension 'meson'
[0.473s] Level 1:colcon.colcon_core.package_identification:_identify(src) by extension 'python'
[0.473s] Level 1:colcon.colcon_core.package_identification:_identify(src) by extensions ['python_setup_py']
[0.473s] Level 1:colcon.colcon_core.package_identification:_identify(src) by extension 'python_setup_py'
[0.473s] Level 1:colcon.colcon_core.package_identification:_identify(src/ros2gzbridge) by extensions ['ignore', 'ignore_ament_install']
[0.473s] Level 1:colcon.colcon_core.package_identification:_identify(src/ros2gzbridge) by extension 'ignore'
[0.473s] Level 1:colcon.colcon_core.package_identification:_identify(src/ros2gzbridge) by extension 'ignore_ament_install'
[0.473s] Level 1:colcon.colcon_core.package_identification:_identify(src/ros2gzbridge) by extensions ['colcon_pkg']
[0.473s] Level 1:colcon.colcon_core.package_identification:_identify(src/ros2gzbridge) by extension 'colcon_pkg'
[0.473s] Level 1:colcon.colcon_core.package_identification:_identify(src/ros2gzbridge) by extensions ['colcon_meta']
[0.473s] Level 1:colcon.colcon_core.package_identification:_identify(src/ros2gzbridge) by extension 'colcon_meta'
[0.473s] Level 1:colcon.colcon_core.package_identification:_identify(src/ros2gzbridge) by extensions ['ros']
[0.473s] Level 1:colcon.colcon_core.package_identification:_identify(src/ros2gzbridge) by extension 'ros'
[0.476s] DEBUG:colcon.colcon_core.package_identification:Package 'src/ros2gzbridge' with type 'ros.ament_cmake' and name 'ros2gzbridge'
[0.476s] Level 1:colcon.colcon_core.package_identification:_identify(src/thruster_mpc_controller) by extensions ['ignore', 'ignore_ament_install']
[0.476s] Level 1:colcon.colcon_core.package_identification:_identify(src/thruster_mpc_controller) by extension 'ignore'
[0.476s] Level 1:colcon.colcon_core.package_identification:_identify(src/thruster_mpc_controller) by extension 'ignore_ament_install'
[0.476s] Level 1:colcon.colcon_core.package_identification:_identify(src/thruster_mpc_controller) by extensions ['colcon_pkg']
[0.476s] Level 1:colcon.colcon_core.package_identification:_identify(src/thruster_mpc_controller) by extension 'colcon_pkg'
[0.476s] Level 1:colcon.colcon_core.package_identification:_identify(src/thruster_mpc_controller) by extensions ['colcon_meta']
[0.476s] Level 1:colcon.colcon_core.package_identification:_identify(src/thruster_mpc_controller) by extension 'colcon_meta'
[0.476s] Level 1:colcon.colcon_core.package_identification:_identify(src/thruster_mpc_controller) by extensions ['ros']
[0.476s] Level 1:colcon.colcon_core.package_identification:_identify(src/thruster_mpc_controller) by extension 'ros'
[0.477s] DEBUG:colcon.colcon_core.package_identification:Package 'src/thruster_mpc_controller' with type 'ros.ament_python' and name 'thruster_mpc_controller'
[0.477s] Level 1:colcon.colcon_core.package_discovery:discover_packages(recursive) using defaults
[0.477s] Level 1:colcon.colcon_core.package_discovery:discover_packages(ignore) discover
[0.477s] Level 1:colcon.colcon_core.package_discovery:discover_packages(ignore) using defaults
[0.477s] Level 1:colcon.colcon_core.package_discovery:discover_packages(path) discover
[0.477s] Level 1:colcon.colcon_core.package_discovery:discover_packages(path) using defaults
[0.493s] Level 1:colcon.colcon_core.package_discovery:discover_packages(prefix_path) check parameters
[0.493s] Level 1:colcon.colcon_core.package_discovery:discover_packages(prefix_path) discover
[0.495s] DEBUG:colcon.colcon_installed_package_information.package_discovery:Found 290 installed packages in /opt/ros/iron
[0.497s] Level 1:colcon.colcon_core.package_discovery:discover_packages(prefix_path) using defaults
[0.546s] Level 5:colcon.colcon_core.verb:set package 'ros2gzbridge' build argument 'cmake_args' from command line to 'None'
[0.546s] Level 5:colcon.colcon_core.verb:set package 'ros2gzbridge' build argument 'cmake_target' from command line to 'None'
[0.546s] Level 5:colcon.colcon_core.verb:set package 'ros2gzbridge' build argument 'cmake_target_skip_unavailable' from command line to 'False'
[0.546s] Level 5:colcon.colcon_core.verb:set package 'ros2gzbridge' build argument 'cmake_clean_cache' from command line to 'False'
[0.546s] Level 5:colcon.colcon_core.verb:set package 'ros2gzbridge' build argument 'cmake_clean_first' from command line to 'False'
[0.546s] Level 5:colcon.colcon_core.verb:set package 'ros2gzbridge' build argument 'cmake_force_configure' from command line to 'False'
[0.546s] Level 5:colcon.colcon_core.verb:set package 'ros2gzbridge' build argument 'meson_args' from command line to '[]'
[0.546s] Level 5:colcon.colcon_core.verb:set package 'ros2gzbridge' build argument 'ament_cmake_args' from command line to 'None'
[0.546s] Level 5:colcon.colcon_core.verb:set package 'ros2gzbridge' build argument 'catkin_cmake_args' from command line to 'None'
[0.546s] Level 5:colcon.colcon_core.verb:set package 'ros2gzbridge' build argument 'catkin_skip_building_tests' from command line to 'False'
[0.546s] DEBUG:colcon.colcon_core.verb:Building package 'ros2gzbridge' with the following arguments: {'ament_cmake_args': None, 'build_base': '/home/dingding/github_project/KoopmanMpcThruster/koopman_mpc/build/ros2gzbridge', 'catkin_cmake_args': None, 'catkin_skip_building_tests': False, 'cmake_args': None, 'cmake_clean_cache': False, 'cmake_clean_first': False, 'cmake_force_configure': False, 'cmake_target': None, 'cmake_target_skip_unavailable': False, 'install_base': '/home/dingding/github_project/KoopmanMpcThruster/koopman_mpc/install/ros2gzbridge', 'merge_install': False, 'meson_args': [], 'path': '/home/dingding/github_project/KoopmanMpcThruster/koopman_mpc/src/ros2gzbridge', 'symlink_install': False, 'test_result_base': None}
[0.558s] Level 5:colcon.colcon_core.verb:set package 'thruster_mpc_controller' build argument 'cmake_args' from command line to 'None'
[0.558s] Level 5:colcon.colcon_core.verb:set package 'thruster_mpc_controller' build argument 'cmake_target' from command line to 'None'
[0.558s] Level 5:colcon.colcon_core.verb:set package 'thruster_mpc_controller' build argument 'cmake_target_skip_unavailable' from command line to 'False'
[0.558s] Level 5:colcon.colcon_core.verb:set package 'thruster_mpc_controller' build argument 'cmake_clean_cache' from command line to 'False'
[0.558s] Level 5:colcon.colcon_core.verb:set package 'thruster_mpc_controller' build argument 'cmake_clean_first' from command line to 'False'
[0.558s] Level 5:colcon.colcon_core.verb:set package 'thruster_mpc_controller' build argument 'cmake_force_configure' from command line to 'False'
[0.558s] Level 5:colcon.colcon_core.verb:set package 'thruster_mpc_controller' build argument 'meson_args' from command line to '[]'
[0.558s] Level 5:colcon.colcon_core.verb:set package 'thruster_mpc_controller' build argument 'ament_cmake_args' from command line to 'None'
[0.558s] Level 5:colcon.colcon_core.verb:set package 'thruster_mpc_controller' build argument 'catkin_cmake_args' from command line to 'None'
[0.558s] Level 5:colcon.colcon_core.verb:set package 'thruster_mpc_controller' build argument 'catkin_skip_building_tests' from command line to 'False'
[0.558s] DEBUG:colcon.colcon_core.verb:Building package 'thruster_mpc_controller' with the following arguments: {'ament_cmake_args': None, 'build_base': '/home/dingding/github_project/KoopmanMpcThruster/koopman_mpc/build/thruster_mpc_controller', 'catkin_cmake_args': None, 'catkin_skip_building_tests': False, 'cmake_args': None, 'cmake_clean_cache': False, 'cmake_clean_first': False, 'cmake_force_configure': False, 'cmake_target': None, 'cmake_target_skip_unavailable': False, 'install_base': '/home/dingding/github_project/KoopmanMpcThruster/koopman_mpc/install/thruster_mpc_controller', 'merge_install': False, 'meson_args': [], 'path': '/home/dingding/github_project/KoopmanMpcThruster/koopman_mpc/src/thruster_mpc_controller', 'symlink_install': False, 'test_result_base': None}
[0.558s] INFO:colcon.colcon_core.executor:Executing jobs using 'parallel' executor
[0.560s] DEBUG:colcon.colcon_parallel_executor.executor.parallel:run_until_complete
[0.560s] INFO:colcon.colcon_ros.task.ament_cmake.build:Building ROS package in '/home/dingding/github_project/KoopmanMpcThruster/koopman_mpc/src/ros2gzbridge' with build type 'ament_cmake'
[0.560s] INFO:colcon.colcon_cmake.task.cmake.build:Building CMake package in '/home/dingding/github_project/KoopmanMpcThruster/koopman_mpc/src/ros2gzbridge'
[0.563s] INFO:colcon.colcon_core.plugin_system:Skipping extension 'colcon_core.shell.bat': Not used on non-Windows systems
[0.563s] INFO:colcon.colcon_core.shell:Skip shell extension 'powershell' for command environment: Not usable outside of PowerShell
[0.563s] DEBUG:colcon.colcon_core.shell:Skip shell extension 'dsv' for command environment
[0.565s] INFO:colcon.colcon_ros.task.ament_python.build:Building ROS package in '/home/dingding/github_project/KoopmanMpcThruster/koopman_mpc/src/thruster_mpc_controller' with build type 'ament_python'
[0.565s] Level 1:colcon.colcon_core.shell:create_environment_hook('thruster_mpc_controller', 'ament_prefix_path')
[0.566s] INFO:colcon.colcon_core.shell:Creating environment hook '/home/dingding/github_project/KoopmanMpcThruster/koopman_mpc/install/thruster_mpc_controller/share/thruster_mpc_controller/hook/ament_prefix_path.ps1'
[0.566s] INFO:colcon.colcon_core.shell:Creating environment descriptor '/home/dingding/github_project/KoopmanMpcThruster/koopman_mpc/install/thruster_mpc_controller/share/thruster_mpc_controller/hook/ament_prefix_path.dsv'
[0.567s] INFO:colcon.colcon_core.shell:Creating environment hook '/home/dingding/github_project/KoopmanMpcThruster/koopman_mpc/install/thruster_mpc_controller/share/thruster_mpc_controller/hook/ament_prefix_path.sh'
[0.568s] INFO:colcon.colcon_core.shell:Skip shell extension 'powershell' for command environment: Not usable outside of PowerShell
[0.568s] DEBUG:colcon.colcon_core.shell:Skip shell extension 'dsv' for command environment
[0.577s] DEBUG:colcon.colcon_core.event_handler.log_command:Invoking command in '/home/dingding/github_project/KoopmanMpcThruster/koopman_mpc/build/ros2gzbridge': CMAKE_PREFIX_PATH=/opt/ros/iron /usr/bin/cmake /home/dingding/github_project/KoopmanMpcThruster/koopman_mpc/src/ros2gzbridge -DCMAKE_INSTALL_PREFIX=/home/dingding/github_project/KoopmanMpcThruster/koopman_mpc/install/ros2gzbridge
[0.880s] INFO:colcon.colcon_core.task.python.build:Building Python package in '/home/dingding/github_project/KoopmanMpcThruster/koopman_mpc/src/thruster_mpc_controller'
[0.881s] INFO:colcon.colcon_core.shell:Skip shell extension 'powershell' for command environment: Not usable outside of PowerShell
[0.881s] DEBUG:colcon.colcon_core.shell:Skip shell extension 'dsv' for command environment
[1.312s] DEBUG:colcon.colcon_core.event_handler.log_command:Invoking command in '/home/dingding/github_project/KoopmanMpcThruster/koopman_mpc/src/thruster_mpc_controller': PYTHONPATH=/home/dingding/github_project/KoopmanMpcThruster/koopman_mpc/build/thruster_mpc_controller/prefix_override:/home/dingding/github_project/KoopmanMpcThruster/koopman_mpc/install/thruster_mpc_controller/lib/python3.10/site-packages:${PYTHONPATH} /usr/bin/python3 -W ignore:setup.py install is deprecated setup.py egg_info --egg-base ../../build/thruster_mpc_controller build --build-base /home/dingding/github_project/KoopmanMpcThruster/koopman_mpc/build/thruster_mpc_controller/build install --record /home/dingding/github_project/KoopmanMpcThruster/koopman_mpc/build/thruster_mpc_controller/install.log --single-version-externally-managed install_data
[1.650s] DEBUG:colcon.colcon_core.event_handler.log_command:Invoked command in '/home/dingding/github_project/KoopmanMpcThruster/koopman_mpc/src/thruster_mpc_controller' returned '0': PYTHONPATH=/home/dingding/github_project/KoopmanMpcThruster/koopman_mpc/build/thruster_mpc_controller/prefix_override:/home/dingding/github_project/KoopmanMpcThruster/koopman_mpc/install/thruster_mpc_controller/lib/python3.10/site-packages:${PYTHONPATH} /usr/bin/python3 -W ignore:setup.py install is deprecated setup.py egg_info --egg-base ../../build/thruster_mpc_controller build --build-base /home/dingding/github_project/KoopmanMpcThruster/koopman_mpc/build/thruster_mpc_controller/build install --record /home/dingding/github_project/KoopmanMpcThruster/koopman_mpc/build/thruster_mpc_controller/install.log --single-version-externally-managed install_data
[1.652s] Level 1:colcon.colcon_core.environment:checking '/home/dingding/github_project/KoopmanMpcThruster/koopman_mpc/install/thruster_mpc_controller' for CMake module files
[1.653s] Level 1:colcon.colcon_core.environment:checking '/home/dingding/github_project/KoopmanMpcThruster/koopman_mpc/install/thruster_mpc_controller' for CMake config files
[1.654s] Level 1:colcon.colcon_core.environment:checking '/home/dingding/github_project/KoopmanMpcThruster/koopman_mpc/install/thruster_mpc_controller/libexec'
[1.654s] Level 1:colcon.colcon_core.environment:checking '/home/dingding/github_project/KoopmanMpcThruster/koopman_mpc/install/thruster_mpc_controller/lib'
[1.654s] Level 1:colcon.colcon_core.environment:checking '/home/dingding/github_project/KoopmanMpcThruster/koopman_mpc/install/thruster_mpc_controller/bin'
[1.654s] Level 1:colcon.colcon_core.environment:checking '/home/dingding/github_project/KoopmanMpcThruster/koopman_mpc/install/thruster_mpc_controller/lib/pkgconfig/thruster_mpc_controller.pc'
[1.655s] Level 1:colcon.colcon_core.environment:checking '/home/dingding/github_project/KoopmanMpcThruster/koopman_mpc/install/thruster_mpc_controller/lib/python3.10/site-packages'
[1.655s] Level 1:colcon.colcon_core.shell:create_environment_hook('thruster_mpc_controller', 'pythonpath')
[1.655s] INFO:colcon.colcon_core.shell:Creating environment hook '/home/dingding/github_project/KoopmanMpcThruster/koopman_mpc/install/thruster_mpc_controller/share/thruster_mpc_controller/hook/pythonpath.ps1'
[1.655s] INFO:colcon.colcon_core.shell:Creating environment descriptor '/home/dingding/github_project/KoopmanMpcThruster/koopman_mpc/install/thruster_mpc_controller/share/thruster_mpc_controller/hook/pythonpath.dsv'
[1.656s] INFO:colcon.colcon_core.shell:Creating environment hook '/home/dingding/github_project/KoopmanMpcThruster/koopman_mpc/install/thruster_mpc_controller/share/thruster_mpc_controller/hook/pythonpath.sh'
[1.656s] Level 1:colcon.colcon_core.environment:checking '/home/dingding/github_project/KoopmanMpcThruster/koopman_mpc/install/thruster_mpc_controller/bin'
[1.656s] Level 1:colcon.colcon_core.environment:create_environment_scripts_only(thruster_mpc_controller)
[1.657s] INFO:colcon.colcon_core.shell:Creating package script '/home/dingding/github_project/KoopmanMpcThruster/koopman_mpc/install/thruster_mpc_controller/share/thruster_mpc_controller/package.ps1'
[1.658s] INFO:colcon.colcon_core.shell:Creating package descriptor '/home/dingding/github_project/KoopmanMpcThruster/koopman_mpc/install/thruster_mpc_controller/share/thruster_mpc_controller/package.dsv'
[1.659s] INFO:colcon.colcon_core.shell:Creating package script '/home/dingding/github_project/KoopmanMpcThruster/koopman_mpc/install/thruster_mpc_controller/share/thruster_mpc_controller/package.sh'
[1.660s] INFO:colcon.colcon_core.shell:Creating package script '/home/dingding/github_project/KoopmanMpcThruster/koopman_mpc/install/thruster_mpc_controller/share/thruster_mpc_controller/package.bash'
[1.661s] INFO:colcon.colcon_core.shell:Creating package script '/home/dingding/github_project/KoopmanMpcThruster/koopman_mpc/install/thruster_mpc_controller/share/thruster_mpc_controller/package.zsh'
[1.662s] Level 1:colcon.colcon_core.environment:create_file_with_runtime_dependencies(/home/dingding/github_project/KoopmanMpcThruster/koopman_mpc/install/thruster_mpc_controller/share/colcon-core/packages/thruster_mpc_controller)
[2.583s] DEBUG:colcon.colcon_core.event_handler.log_command:Invoked command in '/home/dingding/github_project/KoopmanMpcThruster/koopman_mpc/build/ros2gzbridge' returned '0': CMAKE_PREFIX_PATH=/opt/ros/iron /usr/bin/cmake /home/dingding/github_project/KoopmanMpcThruster/koopman_mpc/src/ros2gzbridge -DCMAKE_INSTALL_PREFIX=/home/dingding/github_project/KoopmanMpcThruster/koopman_mpc/install/ros2gzbridge
[2.585s] DEBUG:colcon.colcon_core.event_handler.log_command:Invoking command in '/home/dingding/github_project/KoopmanMpcThruster/koopman_mpc/build/ros2gzbridge': CMAKE_PREFIX_PATH=/opt/ros/iron /usr/bin/cmake --build /home/dingding/github_project/KoopmanMpcThruster/koopman_mpc/build/ros2gzbridge -- -j4 -l4
[14.794s] DEBUG:colcon.colcon_core.event_handler.log_command:Invoked command in '/home/dingding/github_project/KoopmanMpcThruster/koopman_mpc/build/ros2gzbridge' returned '0': CMAKE_PREFIX_PATH=/opt/ros/iron /usr/bin/cmake --build /home/dingding/github_project/KoopmanMpcThruster/koopman_mpc/build/ros2gzbridge -- -j4 -l4
[14.830s] DEBUG:colcon.colcon_core.event_handler.log_command:Invoking command in '/home/dingding/github_project/KoopmanMpcThruster/koopman_mpc/build/ros2gzbridge': CMAKE_PREFIX_PATH=/opt/ros/iron /usr/bin/cmake --install /home/dingding/github_project/KoopmanMpcThruster/koopman_mpc/build/ros2gzbridge
[14.856s] Level 1:colcon.colcon_core.environment:create_environment_scripts_only(ros2gzbridge)
[14.857s] Level 1:colcon.colcon_core.environment:checking '/home/dingding/github_project/KoopmanMpcThruster/koopman_mpc/install/ros2gzbridge' for CMake module files
[14.857s] DEBUG:colcon.colcon_core.event_handler.log_command:Invoked command in '/home/dingding/github_project/KoopmanMpcThruster/koopman_mpc/build/ros2gzbridge' returned '0': CMAKE_PREFIX_PATH=/opt/ros/iron /usr/bin/cmake --install /home/dingding/github_project/KoopmanMpcThruster/koopman_mpc/build/ros2gzbridge
[14.858s] Level 1:colcon.colcon_core.environment:checking '/home/dingding/github_project/KoopmanMpcThruster/koopman_mpc/install/ros2gzbridge' for CMake config files
[14.858s] Level 1:colcon.colcon_core.shell:create_environment_hook('ros2gzbridge', 'cmake_prefix_path')
[14.858s] INFO:colcon.colcon_core.shell:Creating environment hook '/home/dingding/github_project/KoopmanMpcThruster/koopman_mpc/install/ros2gzbridge/share/ros2gzbridge/hook/cmake_prefix_path.ps1'
[14.859s] INFO:colcon.colcon_core.shell:Creating environment descriptor '/home/dingding/github_project/KoopmanMpcThruster/koopman_mpc/install/ros2gzbridge/share/ros2gzbridge/hook/cmake_prefix_path.dsv'
[14.859s] INFO:colcon.colcon_core.shell:Creating environment hook '/home/dingding/github_project/KoopmanMpcThruster/koopman_mpc/install/ros2gzbridge/share/ros2gzbridge/hook/cmake_prefix_path.sh'
[14.859s] Level 1:colcon.colcon_core.environment:checking '/home/dingding/github_project/KoopmanMpcThruster/koopman_mpc/install/ros2gzbridge/lib'
[14.860s] Level 1:colcon.colcon_core.environment:checking '/home/dingding/github_project/KoopmanMpcThruster/koopman_mpc/install/ros2gzbridge/bin'
[14.860s] Level 1:colcon.colcon_core.environment:checking '/home/dingding/github_project/KoopmanMpcThruster/koopman_mpc/install/ros2gzbridge/lib/pkgconfig/ros2gzbridge.pc'
[14.860s] Level 1:colcon.colcon_core.environment:checking '/home/dingding/github_project/KoopmanMpcThruster/koopman_mpc/install/ros2gzbridge/lib/python3.10/site-packages'
[14.860s] Level 1:colcon.colcon_core.environment:checking '/home/dingding/github_project/KoopmanMpcThruster/koopman_mpc/install/ros2gzbridge/bin'
[14.860s] INFO:colcon.colcon_core.shell:Creating package script '/home/dingding/github_project/KoopmanMpcThruster/koopman_mpc/install/ros2gzbridge/share/ros2gzbridge/package.ps1'
[14.861s] INFO:colcon.colcon_core.shell:Creating package descriptor '/home/dingding/github_project/KoopmanMpcThruster/koopman_mpc/install/ros2gzbridge/share/ros2gzbridge/package.dsv'
[14.861s] INFO:colcon.colcon_core.shell:Creating package script '/home/dingding/github_project/KoopmanMpcThruster/koopman_mpc/install/ros2gzbridge/share/ros2gzbridge/package.sh'
[14.861s] INFO:colcon.colcon_core.shell:Creating package script '/home/dingding/github_project/KoopmanMpcThruster/koopman_mpc/install/ros2gzbridge/share/ros2gzbridge/package.bash'
[14.861s] INFO:colcon.colcon_core.shell:Creating package script '/home/dingding/github_project/KoopmanMpcThruster/koopman_mpc/install/ros2gzbridge/share/ros2gzbridge/package.zsh'
[14.862s] Level 1:colcon.colcon_core.environment:create_file_with_runtime_dependencies(/home/dingding/github_project/KoopmanMpcThruster/koopman_mpc/install/ros2gzbridge/share/colcon-core/packages/ros2gzbridge)
[14.891s] Level 1:colcon.colcon_core.environment:create_environment_scripts_only(ros2gzbridge)
[14.891s] Level 1:colcon.colcon_core.environment:checking '/home/dingding/github_project/KoopmanMpcThruster/koopman_mpc/install/ros2gzbridge' for CMake module files
[14.892s] Level 1:colcon.colcon_core.environment:checking '/home/dingding/github_project/KoopmanMpcThruster/koopman_mpc/install/ros2gzbridge' for CMake config files
[14.892s] Level 1:colcon.colcon_core.shell:create_environment_hook('ros2gzbridge', 'cmake_prefix_path')
[14.892s] INFO:colcon.colcon_core.shell:Creating environment hook '/home/dingding/github_project/KoopmanMpcThruster/koopman_mpc/install/ros2gzbridge/share/ros2gzbridge/hook/cmake_prefix_path.ps1'
[14.892s] INFO:colcon.colcon_core.shell:Creating environment descriptor '/home/dingding/github_project/KoopmanMpcThruster/koopman_mpc/install/ros2gzbridge/share/ros2gzbridge/hook/cmake_prefix_path.dsv'
[14.893s] INFO:colcon.colcon_core.shell:Creating environment hook '/home/dingding/github_project/KoopmanMpcThruster/koopman_mpc/install/ros2gzbridge/share/ros2gzbridge/hook/cmake_prefix_path.sh'
[14.893s] Level 1:colcon.colcon_core.environment:checking '/home/dingding/github_project/KoopmanMpcThruster/koopman_mpc/install/ros2gzbridge/lib'
[14.893s] Level 1:colcon.colcon_core.environment:checking '/home/dingding/github_project/KoopmanMpcThruster/koopman_mpc/install/ros2gzbridge/bin'
[14.893s] Level 1:colcon.colcon_core.environment:checking '/home/dingding/github_project/KoopmanMpcThruster/koopman_mpc/install/ros2gzbridge/lib/pkgconfig/ros2gzbridge.pc'
[14.893s] Level 1:colcon.colcon_core.environment:checking '/home/dingding/github_project/KoopmanMpcThruster/koopman_mpc/install/ros2gzbridge/lib/python3.10/site-packages'
[14.894s] Level 1:colcon.colcon_core.environment:checking '/home/dingding/github_project/KoopmanMpcThruster/koopman_mpc/install/ros2gzbridge/bin'
[14.894s] INFO:colcon.colcon_core.shell:Creating package script '/home/dingding/github_project/KoopmanMpcThruster/koopman_mpc/install/ros2gzbridge/share/ros2gzbridge/package.ps1'
[14.894s] INFO:colcon.colcon_core.shell:Creating package descriptor '/home/dingding/github_project/KoopmanMpcThruster/koopman_mpc/install/ros2gzbridge/share/ros2gzbridge/package.dsv'
[14.895s] INFO:colcon.colcon_core.shell:Creating package script '/home/dingding/github_project/KoopmanMpcThruster/koopman_mpc/install/ros2gzbridge/share/ros2gzbridge/package.sh'
[14.895s] INFO:colcon.colcon_core.shell:Creating package script '/home/dingding/github_project/KoopmanMpcThruster/koopman_mpc/install/ros2gzbridge/share/ros2gzbridge/package.bash'
[14.895s] INFO:colcon.colcon_core.shell:Creating package script '/home/dingding/github_project/KoopmanMpcThruster/koopman_mpc/install/ros2gzbridge/share/ros2gzbridge/package.zsh'
[14.896s] Level 1:colcon.colcon_core.environment:create_file_with_runtime_dependencies(/home/dingding/github_project/KoopmanMpcThruster/koopman_mpc/install/ros2gzbridge/share/colcon-core/packages/ros2gzbridge)
[14.896s] DEBUG:colcon.colcon_parallel_executor.executor.parallel:closing loop
[14.896s] DEBUG:colcon.colcon_parallel_executor.executor.parallel:loop closed
[14.896s] DEBUG:colcon.colcon_parallel_executor.executor.parallel:run_until_complete finished with '0'
[14.896s] DEBUG:colcon.colcon_core.event_reactor:joining thread
[14.901s] INFO:colcon.colcon_core.plugin_system:Skipping extension 'colcon_notification.desktop_notification.terminal_notifier': Not used on non-Darwin systems
[14.901s] INFO:colcon.colcon_core.plugin_system:Skipping extension 'colcon_notification.desktop_notification.win32': Not used on non-Windows systems
[14.902s] INFO:colcon.colcon_notification.desktop_notification:Sending desktop notification using 'notify2'
[14.912s] DEBUG:colcon.colcon_core.event_reactor:joined thread
[14.913s] INFO:colcon.colcon_core.shell:Creating prefix script '/home/dingding/github_project/KoopmanMpcThruster/koopman_mpc/install/local_setup.ps1'
[14.913s] INFO:colcon.colcon_core.shell:Creating prefix util module '/home/dingding/github_project/KoopmanMpcThruster/koopman_mpc/install/_local_setup_util_ps1.py'
[14.915s] INFO:colcon.colcon_core.shell:Creating prefix chain script '/home/dingding/github_project/KoopmanMpcThruster/koopman_mpc/install/setup.ps1'
[14.915s] INFO:colcon.colcon_core.shell:Creating prefix script '/home/dingding/github_project/KoopmanMpcThruster/koopman_mpc/install/local_setup.sh'
[14.916s] INFO:colcon.colcon_core.shell:Creating prefix util module '/home/dingding/github_project/KoopmanMpcThruster/koopman_mpc/install/_local_setup_util_sh.py'
[14.916s] INFO:colcon.colcon_core.shell:Creating prefix chain script '/home/dingding/github_project/KoopmanMpcThruster/koopman_mpc/install/setup.sh'
[14.918s] INFO:colcon.colcon_core.shell:Creating prefix script '/home/dingding/github_project/KoopmanMpcThruster/koopman_mpc/install/local_setup.bash'
[14.919s] INFO:colcon.colcon_core.shell:Creating prefix chain script '/home/dingding/github_project/KoopmanMpcThruster/koopman_mpc/install/setup.bash'
[14.920s] INFO:colcon.colcon_core.shell:Creating prefix script '/home/dingding/github_project/KoopmanMpcThruster/koopman_mpc/install/local_setup.zsh'
[14.920s] INFO:colcon.colcon_core.shell:Creating prefix chain script '/home/dingding/github_project/KoopmanMpcThruster/koopman_mpc/install/setup.zsh'
[14.921s] INFO:colcon.colcon_core.shell:Creating '/home/dingding/github_project/KoopmanMpcThruster/koopman_mpc/install/spawn_shell.bash'
