[0.746s] Invoking command in '/home/dingding/github_project/KoopmanMpcThruster/koopman_mpc/src/thruster_mpc_controller': PYTHONPATH=/home/dingding/github_project/KoopmanMpcThruster/koopman_mpc/build/thruster_mpc_controller/prefix_override:/home/dingding/github_project/KoopmanMpcThruster/koopman_mpc/install/thruster_mpc_controller/lib/python3.10/site-packages:${PYTHONPATH} /usr/bin/python3 -W ignore:setup.py install is deprecated setup.py egg_info --egg-base ../../build/thruster_mpc_controller build --build-base /home/dingding/github_project/KoopmanMpcThruster/koopman_mpc/build/thruster_mpc_controller/build install --record /home/dingding/github_project/KoopmanMpcThruster/koopman_mpc/build/thruster_mpc_controller/install.log --single-version-externally-managed install_data
[1.019s] running egg_info
[1.019s] creating ../../build/thruster_mpc_controller/thruster_mpc_controller.egg-info
[1.019s] writing ../../build/thruster_mpc_controller/thruster_mpc_controller.egg-info/PKG-INFO
[1.019s] writing dependency_links to ../../build/thruster_mpc_controller/thruster_mpc_controller.egg-info/dependency_links.txt
[1.020s] writing entry points to ../../build/thruster_mpc_controller/thruster_mpc_controller.egg-info/entry_points.txt
[1.020s] writing requirements to ../../build/thruster_mpc_controller/thruster_mpc_controller.egg-info/requires.txt
[1.020s] writing top-level names to ../../build/thruster_mpc_controller/thruster_mpc_controller.egg-info/top_level.txt
[1.020s] writing manifest file '../../build/thruster_mpc_controller/thruster_mpc_controller.egg-info/SOURCES.txt'
[1.022s] reading manifest file '../../build/thruster_mpc_controller/thruster_mpc_controller.egg-info/SOURCES.txt'
[1.024s] writing manifest file '../../build/thruster_mpc_controller/thruster_mpc_controller.egg-info/SOURCES.txt'
[1.024s] running build
[1.024s] running build_py
[1.024s] creating /home/dingding/github_project/KoopmanMpcThruster/koopman_mpc/build/thruster_mpc_controller/build
[1.024s] creating /home/dingding/github_project/KoopmanMpcThruster/koopman_mpc/build/thruster_mpc_controller/build/lib
[1.025s] creating /home/dingding/github_project/KoopmanMpcThruster/koopman_mpc/build/thruster_mpc_controller/build/lib/thruster_mpc_controller
[1.025s] copying thruster_mpc_controller/thruster_mpc_controller (copy)输入受限动图.py -> /home/dingding/github_project/KoopmanMpcThruster/koopman_mpc/build/thruster_mpc_controller/build/lib/thruster_mpc_controller
[1.025s] copying thruster_mpc_controller/__init__.py -> /home/dingding/github_project/KoopmanMpcThruster/koopman_mpc/build/thruster_mpc_controller/build/lib/thruster_mpc_controller
[1.025s] copying thruster_mpc_controller/thruster_mpc_controller.py -> /home/dingding/github_project/KoopmanMpcThruster/koopman_mpc/build/thruster_mpc_controller/build/lib/thruster_mpc_controller
[1.025s] copying thruster_mpc_controller/mpc_test_states_constriant.py -> /home/dingding/github_project/KoopmanMpcThruster/koopman_mpc/build/thruster_mpc_controller/build/lib/thruster_mpc_controller
[1.025s] running install
[1.025s] running install_lib
[1.026s] creating /home/dingding/github_project/KoopmanMpcThruster/koopman_mpc/install/thruster_mpc_controller/lib/python3.10/site-packages/thruster_mpc_controller
[1.026s] copying /home/dingding/github_project/KoopmanMpcThruster/koopman_mpc/build/thruster_mpc_controller/build/lib/thruster_mpc_controller/thruster_mpc_controller (copy)输入受限动图.py -> /home/dingding/github_project/KoopmanMpcThruster/koopman_mpc/install/thruster_mpc_controller/lib/python3.10/site-packages/thruster_mpc_controller
[1.026s] copying /home/dingding/github_project/KoopmanMpcThruster/koopman_mpc/build/thruster_mpc_controller/build/lib/thruster_mpc_controller/__init__.py -> /home/dingding/github_project/KoopmanMpcThruster/koopman_mpc/install/thruster_mpc_controller/lib/python3.10/site-packages/thruster_mpc_controller
[1.027s] copying /home/dingding/github_project/KoopmanMpcThruster/koopman_mpc/build/thruster_mpc_controller/build/lib/thruster_mpc_controller/thruster_mpc_controller.py -> /home/dingding/github_project/KoopmanMpcThruster/koopman_mpc/install/thruster_mpc_controller/lib/python3.10/site-packages/thruster_mpc_controller
[1.027s] copying /home/dingding/github_project/KoopmanMpcThruster/koopman_mpc/build/thruster_mpc_controller/build/lib/thruster_mpc_controller/mpc_test_states_constriant.py -> /home/dingding/github_project/KoopmanMpcThruster/koopman_mpc/install/thruster_mpc_controller/lib/python3.10/site-packages/thruster_mpc_controller
[1.027s] byte-compiling /home/dingding/github_project/KoopmanMpcThruster/koopman_mpc/install/thruster_mpc_controller/lib/python3.10/site-packages/thruster_mpc_controller/thruster_mpc_controller (copy)输入受限动图.py to thruster_mpc_controller (copy)输入受限动图.cpython-310.pyc
[1.029s] byte-compiling /home/dingding/github_project/KoopmanMpcThruster/koopman_mpc/install/thruster_mpc_controller/lib/python3.10/site-packages/thruster_mpc_controller/__init__.py to __init__.cpython-310.pyc
[1.030s] byte-compiling /home/dingding/github_project/KoopmanMpcThruster/koopman_mpc/install/thruster_mpc_controller/lib/python3.10/site-packages/thruster_mpc_controller/thruster_mpc_controller.py to thruster_mpc_controller.cpython-310.pyc
[1.032s] byte-compiling /home/dingding/github_project/KoopmanMpcThruster/koopman_mpc/install/thruster_mpc_controller/lib/python3.10/site-packages/thruster_mpc_controller/mpc_test_states_constriant.py to mpc_test_states_constriant.cpython-310.pyc
[1.033s] running install_data
[1.033s] creating /home/dingding/github_project/KoopmanMpcThruster/koopman_mpc/install/thruster_mpc_controller/share/ament_index
[1.033s] creating /home/dingding/github_project/KoopmanMpcThruster/koopman_mpc/install/thruster_mpc_controller/share/ament_index/resource_index
[1.033s] creating /home/dingding/github_project/KoopmanMpcThruster/koopman_mpc/install/thruster_mpc_controller/share/ament_index/resource_index/packages
[1.033s] copying resource/thruster_mpc_controller -> /home/dingding/github_project/KoopmanMpcThruster/koopman_mpc/install/thruster_mpc_controller/share/ament_index/resource_index/packages
[1.033s] copying package.xml -> /home/dingding/github_project/KoopmanMpcThruster/koopman_mpc/install/thruster_mpc_controller/share/thruster_mpc_controller
[1.034s] creating /home/dingding/github_project/KoopmanMpcThruster/koopman_mpc/install/thruster_mpc_controller/share/thruster_mpc_controller/launch
[1.034s] copying launch/thruster_mpc_controller_launch.py -> /home/dingding/github_project/KoopmanMpcThruster/koopman_mpc/install/thruster_mpc_controller/share/thruster_mpc_controller/launch
[1.034s] creating /home/dingding/github_project/KoopmanMpcThruster/koopman_mpc/install/thruster_mpc_controller/libexec
[1.034s] creating /home/dingding/github_project/KoopmanMpcThruster/koopman_mpc/install/thruster_mpc_controller/libexec/thruster_mpc_controller
[1.034s] running install_egg_info
[1.036s] Copying ../../build/thruster_mpc_controller/thruster_mpc_controller.egg-info to /home/dingding/github_project/KoopmanMpcThruster/koopman_mpc/install/thruster_mpc_controller/lib/python3.10/site-packages/thruster_mpc_controller-0.0.0-py3.10.egg-info
[1.036s] running install_scripts
[1.055s] Installing mpc_controller script to /home/dingding/github_project/KoopmanMpcThruster/koopman_mpc/install/thruster_mpc_controller/lib/thruster_mpc_controller
[1.056s] writing list of installed files to '/home/dingding/github_project/KoopmanMpcThruster/koopman_mpc/build/thruster_mpc_controller/install.log'
[1.084s] Invoked command in '/home/dingding/github_project/KoopmanMpcThruster/koopman_mpc/src/thruster_mpc_controller' returned '0': PYTHONPATH=/home/dingding/github_project/KoopmanMpcThruster/koopman_mpc/build/thruster_mpc_controller/prefix_override:/home/dingding/github_project/KoopmanMpcThruster/koopman_mpc/install/thruster_mpc_controller/lib/python3.10/site-packages:${PYTHONPATH} /usr/bin/python3 -W ignore:setup.py install is deprecated setup.py egg_info --egg-base ../../build/thruster_mpc_controller build --build-base /home/dingding/github_project/KoopmanMpcThruster/koopman_mpc/build/thruster_mpc_controller/build install --record /home/dingding/github_project/KoopmanMpcThruster/koopman_mpc/build/thruster_mpc_controller/install.log --single-version-externally-managed install_data
